<?xml version="1.0" encoding="UTF-8"?>
<coverage generated="1778229515501" clover="3.2.0">
  <project timestamp="1778229515502" name="All files">
    <metrics statements="60" coveredstatements="54" conditionals="88" coveredconditionals="54" methods="13" coveredmethods="10" elements="161" coveredelements="118" complexity="0" loc="60" ncloc="60" packages="1" files="1" classes="1"/>
    <file name="App.vue" path="/app/src/App.vue">
      <metrics statements="60" coveredstatements="54" conditionals="88" coveredconditionals="54" methods="13" coveredmethods="10"/>
      <line num="2" count="22" type="stmt"/>
      <line num="9" count="1" type="stmt"/>
      <line num="10" count="1" type="stmt"/>
      <line num="11" count="1" type="stmt"/>
      <line num="12" count="1" type="stmt"/>
      <line num="13" count="1" type="stmt"/>
      <line num="16" count="0" type="cond" truecount="2" falsecount="2"/>
      <line num="17" count="1" type="stmt"/>
      <line num="23" count="0" type="stmt"/>
      <line num="48" count="3" type="stmt"/>
      <line num="60" count="1" type="stmt"/>
      <line num="78" count="0" type="stmt"/>
      <line num="79" count="1" type="stmt"/>
      <line num="88" count="1" type="stmt"/>
      <line num="96" count="1" type="stmt"/>
      <line num="97" count="1" type="stmt"/>
      <line num="98" count="1" type="stmt"/>
      <line num="99" count="1" type="stmt"/>
      <line num="136" count="1" type="stmt"/>
      <line num="139" count="14" type="stmt"/>
      <line num="150" count="5" type="cond" truecount="5" falsecount="0"/>
      <line num="152" count="1" type="stmt"/>
      <line num="154" count="1" type="stmt"/>
      <line num="156" count="1" type="stmt"/>
      <line num="158" count="1" type="stmt"/>
      <line num="160" count="1" type="stmt"/>
      <line num="165" count="14" type="stmt"/>
      <line num="166" count="14" type="stmt"/>
      <line num="167" count="14" type="cond" truecount="2" falsecount="0"/>
      <line num="168" count="14" type="stmt"/>
      <line num="171" count="14" type="stmt"/>
      <line num="174" count="14" type="cond" truecount="2" falsecount="0"/>
      <line num="179" count="2" type="stmt"/>
      <line num="180" count="2" type="stmt"/>
      <line num="181" count="2" type="stmt"/>
      <line num="183" count="2" type="stmt"/>
      <line num="184" count="2" type="stmt"/>
      <line num="188" count="2" type="stmt"/>
      <line num="189" count="2" type="cond" truecount="2" falsecount="0"/>
      <line num="190" count="1" type="stmt"/>
      <line num="192" count="1" type="stmt"/>
      <line num="195" count="0" type="stmt"/>
      <line num="196" count="0" type="cond" truecount="0" falsecount="3"/>
      <line num="198" count="2" type="cond" truecount="1" falsecount="1"/>
      <line num="199" count="0" type="stmt"/>
      <line num="201" count="2" type="stmt"/>
      <line num="206" count="7" type="cond" truecount="4" falsecount="0"/>
      <line num="208" count="4" type="stmt"/>
      <line num="210" count="1" type="stmt"/>
      <line num="212" count="1" type="stmt"/>
      <line num="214" count="1" type="stmt"/>
      <line num="218" count="4" type="cond" truecount="2" falsecount="0"/>
      <line num="219" count="2" type="stmt"/>
      <line num="221" count="4" type="cond" truecount="2" falsecount="0"/>
      <line num="222" count="3" type="stmt"/>
      <line num="224" count="1" type="stmt"/>
      <line num="228" count="5" type="stmt"/>
      <line num="229" count="5" type="stmt"/>
      <line num="230" count="5" type="cond" truecount="2" falsecount="0"/>
      <line num="231" count="4" type="stmt"/>
    </file>
  </project>
</coverage>
