{"/app/src/App.vue": {"path":"/app/src/App.vue","statementMap":{"0":{"start":{"line":136,"column":0},"end":{"line":236,"column":null}},"1":{"start":{"line":139,"column":4},"end":{"line":146,"column":null}},"2":{"start":{"line":150,"column":6},"end":{"line":161,"column":null}},"3":{"start":{"line":152,"column":10},"end":{"line":152,"column":null}},"4":{"start":{"line":154,"column":10},"end":{"line":154,"column":null}},"5":{"start":{"line":156,"column":10},"end":{"line":156,"column":null}},"6":{"start":{"line":158,"column":10},"end":{"line":158,"column":null}},"7":{"start":{"line":160,"column":10},"end":{"line":160,"column":null}},"8":{"start":{"line":165,"column":23},"end":{"line":165,"column":null}},"9":{"start":{"line":166,"column":23},"end":{"line":166,"column":null}},"10":{"start":{"line":167,"column":26},"end":{"line":167,"column":null}},"11":{"start":{"line":168,"column":6},"end":{"line":168,"column":null}},"12":{"start":{"line":171,"column":6},"end":{"line":171,"column":null}},"13":{"start":{"line":174,"column":6},"end":{"line":174,"column":null}},"14":{"start":{"line":179,"column":6},"end":{"line":179,"column":null}},"15":{"start":{"line":180,"column":6},"end":{"line":180,"column":null}},"16":{"start":{"line":181,"column":6},"end":{"line":181,"column":null}},"17":{"start":{"line":183,"column":6},"end":{"line":203,"column":null}},"18":{"start":{"line":184,"column":25},"end":{"line":187,"column":null}},"19":{"start":{"line":188,"column":8},"end":{"line":188,"column":null}},"20":{"start":{"line":189,"column":8},"end":{"line":193,"column":null}},"21":{"start":{"line":190,"column":10},"end":{"line":190,"column":null}},"22":{"start":{"line":192,"column":10},"end":{"line":192,"column":null}},"23":{"start":{"line":195,"column":8},"end":{"line":195,"column":null}},"24":{"start":{"line":196,"column":8},"end":{"line":196,"column":null}},"25":{"start":{"line":198,"column":8},"end":{"line":202,"column":null}},"26":{"start":{"line":199,"column":10},"end":{"line":199,"column":null}},"27":{"start":{"line":201,"column":10},"end":{"line":201,"column":null}},"28":{"start":{"line":206,"column":6},"end":{"line":215,"column":null}},"29":{"start":{"line":208,"column":10},"end":{"line":208,"column":null}},"30":{"start":{"line":210,"column":10},"end":{"line":210,"column":null}},"31":{"start":{"line":212,"column":10},"end":{"line":212,"column":null}},"32":{"start":{"line":214,"column":10},"end":{"line":214,"column":null}},"33":{"start":{"line":218,"column":6},"end":{"line":220,"column":null}},"34":{"start":{"line":219,"column":8},"end":{"line":219,"column":null}},"35":{"start":{"line":221,"column":6},"end":{"line":225,"column":null}},"36":{"start":{"line":222,"column":8},"end":{"line":222,"column":null}},"37":{"start":{"line":224,"column":8},"end":{"line":224,"column":null}},"38":{"start":{"line":228,"column":6},"end":{"line":228,"column":null}},"39":{"start":{"line":229,"column":6},"end":{"line":233,"column":null}},"40":{"start":{"line":230,"column":8},"end":{"line":232,"column":null}},"41":{"start":{"line":231,"column":10},"end":{"line":231,"column":null}},"42":{"start":{"line":2,"column":7},"end":{"line":2,"column":null}},"43":{"start":{"line":9,"column":9},"end":{"line":9,"column":null}},"44":{"start":{"line":10,"column":11},"end":{"line":10,"column":null}},"45":{"start":{"line":11,"column":13},"end":{"line":11,"column":null}},"46":{"start":{"line":12,"column":15},"end":{"line":12,"column":null}},"47":{"start":{"line":13,"column":17},"end":{"line":13,"column":null}},"48":{"start":{"line":17,"column":21},"end":{"line":17,"column":null}},"49":{"start":{"line":60,"column":23},"end":{"line":60,"column":39}},"50":{"start":{"line":79,"column":23},"end":{"line":79,"column":39}},"51":{"start":{"line":88,"column":21},"end":{"line":88,"column":37}},"52":{"start":{"line":96,"column":11},"end":{"line":96,"column":null}},"53":{"start":{"line":97,"column":13},"end":{"line":97,"column":null}},"54":{"start":{"line":98,"column":15},"end":{"line":98,"column":null}},"55":{"start":{"line":99,"column":17},"end":{"line":99,"column":null}},"56":{"start":{"line":2,"column":2},"end":{"line":114,"column":58}},"57":{"start":{"line":16,"column":37},"end":{"line":16,"column":46}},"58":{"start":{"line":23,"column":29},"end":{"line":23,"column":null}},"59":{"start":{"line":48,"column":16},"end":{"line":49,"column":null}},"60":{"start":{"line":78,"column":20},"end":{"line":79,"column":49}}},"fnMap":{"0":{"name":"(anonymous_0)","decl":{"start":{"line":138,"column":2},"end":{"line":138,"column":9}},"loc":{"start":{"line":138,"column":9},"end":{"line":147,"column":null}},"line":138},"1":{"name":"(anonymous_1)","decl":{"start":{"line":149,"column":4},"end":{"line":149,"column":18}},"loc":{"start":{"line":149,"column":18},"end":{"line":162,"column":null}},"line":149},"2":{"name":"(anonymous_2)","decl":{"start":{"line":163,"column":4},"end":{"line":163,"column":17}},"loc":{"start":{"line":163,"column":17},"end":{"line":169,"column":null}},"line":163},"3":{"name":"(anonymous_3)","decl":{"start":{"line":170,"column":4},"end":{"line":170,"column":17}},"loc":{"start":{"line":170,"column":17},"end":{"line":172,"column":null}},"line":170},"4":{"name":"(anonymous_4)","decl":{"start":{"line":173,"column":4},"end":{"line":173,"column":17}},"loc":{"start":{"line":173,"column":17},"end":{"line":175,"column":null}},"line":173},"5":{"name":"(anonymous_5)","decl":{"start":{"line":178,"column":10},"end":{"line":178,"column":22}},"loc":{"start":{"line":178,"column":22},"end":{"line":204,"column":null}},"line":178},"6":{"name":"(anonymous_6)","decl":{"start":{"line":205,"column":4},"end":{"line":205,"column":17}},"loc":{"start":{"line":205,"column":40},"end":{"line":216,"column":null}},"line":205},"7":{"name":"(anonymous_7)","decl":{"start":{"line":217,"column":4},"end":{"line":217,"column":38}},"loc":{"start":{"line":217,"column":60},"end":{"line":226,"column":null}},"line":217},"8":{"name":"(anonymous_8)","decl":{"start":{"line":227,"column":4},"end":{"line":227,"column":20}},"loc":{"start":{"line":227,"column":80},"end":{"line":234,"column":null}},"line":227},"9":{"name":"(anonymous_9)","decl":{"start":{"line":16,"column":27},"end":{"line":16,"column":37}},"loc":{"start":{"line":16,"column":37},"end":{"line":16,"column":46}},"line":16},"10":{"name":"(anonymous_10)","decl":{"start":{"line":22,"column":23},"end":{"line":22,"column":null}},"loc":{"start":{"line":23,"column":29},"end":{"line":23,"column":null}},"line":23},"11":{"name":"(anonymous_11)","decl":{"start":{"line":48,"column":48},"end":{"line":48,"column":51}},"loc":{"start":{"line":48,"column":32},"end":{"line":49,"column":null}},"line":48},"12":{"name":"(anonymous_12)","decl":{"start":{"line":78,"column":69},"end":{"line":78,"column":72}},"loc":{"start":{"line":78,"column":43},"end":{"line":79,"column":49}},"line":78}},"branchMap":{"0":{"loc":{"start":{"line":150,"column":6},"end":{"line":161,"column":null}},"type":"switch","locations":[{"start":{"line":151,"column":8},"end":{"line":152,"column":null}},{"start":{"line":153,"column":8},"end":{"line":154,"column":null}},{"start":{"line":155,"column":8},"end":{"line":156,"column":null}},{"start":{"line":157,"column":8},"end":{"line":158,"column":null}},{"start":{"line":159,"column":8},"end":{"line":160,"column":null}}],"line":150},"1":{"loc":{"start":{"line":167,"column":26},"end":{"line":167,"column":null}},"type":"binary-expr","locations":[{"start":{"line":167,"column":26},"end":{"line":167,"column":63}},{"start":{"line":167,"column":63},"end":{"line":167,"column":null}}],"line":167},"2":{"loc":{"start":{"line":174,"column":13},"end":{"line":174,"column":null}},"type":"binary-expr","locations":[{"start":{"line":174,"column":13},"end":{"line":174,"column":49}},{"start":{"line":174,"column":49},"end":{"line":174,"column":null}}],"line":174},"3":{"loc":{"start":{"line":189,"column":8},"end":{"line":193,"column":null}},"type":"if","locations":[{"start":{"line":189,"column":8},"end":{"line":193,"column":null}},{"start":{"line":191,"column":15},"end":{"line":193,"column":null}}],"line":189},"4":{"loc":{"start":{"line":196,"column":21},"end":{"line":196,"column":null}},"type":"binary-expr","locations":[{"start":{"line":196,"column":21},"end":{"line":196,"column":51}},{"start":{"line":196,"column":51},"end":{"line":196,"column":66}},{"start":{"line":196,"column":66},"end":{"line":196,"column":null}}],"line":196},"5":{"loc":{"start":{"line":198,"column":8},"end":{"line":202,"column":null}},"type":"if","locations":[{"start":{"line":198,"column":8},"end":{"line":202,"column":null}},{"start":{"line":200,"column":15},"end":{"line":202,"column":null}}],"line":198},"6":{"loc":{"start":{"line":206,"column":6},"end":{"line":215,"column":null}},"type":"switch","locations":[{"start":{"line":207,"column":8},"end":{"line":208,"column":null}},{"start":{"line":209,"column":8},"end":{"line":210,"column":null}},{"start":{"line":211,"column":8},"end":{"line":212,"column":null}},{"start":{"line":213,"column":8},"end":{"line":214,"column":null}}],"line":206},"7":{"loc":{"start":{"line":218,"column":6},"end":{"line":220,"column":null}},"type":"if","locations":[{"start":{"line":218,"column":6},"end":{"line":220,"column":null}},{"start":{},"end":{}}],"line":218},"8":{"loc":{"start":{"line":221,"column":6},"end":{"line":225,"column":null}},"type":"if","locations":[{"start":{"line":221,"column":6},"end":{"line":225,"column":null}},{"start":{"line":223,"column":13},"end":{"line":225,"column":null}}],"line":221},"9":{"loc":{"start":{"line":230,"column":27},"end":{"line":230,"column":47}},"type":"binary-expr","locations":[{"start":{"line":230,"column":27},"end":{"line":230,"column":43}},{"start":{"line":230,"column":43},"end":{"line":230,"column":47}}],"line":230},"10":{"loc":{"start":{"line":120,"column":7},"end":{"line":5,"column":119}},"type":"binary-expr","locations":[{"start":{"line":120,"column":7},"end":{"line":120,"column":null}},{"start":{"line":120,"column":7},"end":{"line":5,"column":119}}],"line":120},"11":{"loc":{"start":{"line":91,"column":17},"end":{"line":14,"column":161}},"type":"binary-expr","locations":[{"start":{"line":91,"column":17},"end":{"line":91,"column":null}},{"start":{"line":91,"column":17},"end":{"line":14,"column":161}}],"line":91},"12":{"loc":{"start":{"line":16,"column":27},"end":{"line":16,"column":null}},"type":"binary-expr","locations":[{"start":{"line":16,"column":27},"end":{"line":16,"column":37}},{"start":{"line":16,"column":27},"end":{"line":16,"column":null}}],"line":16},"13":{"loc":{"start":{"line":16,"column":37},"end":{"line":16,"column":46}},"type":"binary-expr","locations":[{"start":{"line":16,"column":37},"end":{"line":16,"column":46}},{"start":{"line":16,"column":37},"end":{"line":16,"column":46}}],"line":16},"14":{"loc":{"start":{"line":28,"column":21},"end":{"line":18,"column":75}},"type":"binary-expr","locations":[{"start":{"line":28,"column":21},"end":{"line":28,"column":null}},{"start":{"line":28,"column":21},"end":{"line":18,"column":75}}],"line":28},"15":{"loc":{"start":{"line":22,"column":23},"end":{"line":23,"column":null}},"type":"binary-expr","locations":[{"start":{"line":22,"column":23},"end":{"line":22,"column":null}},{"start":{"line":22,"column":23},"end":{"line":23,"column":null}}],"line":22},"16":{"loc":{"start":{"line":27,"column":18},"end":{"line":27,"column":84}},"type":"binary-expr","locations":[{"start":{"line":27,"column":18},"end":{"line":27,"column":23}},{"start":{"line":27,"column":18},"end":{"line":27,"column":84}}],"line":27},"17":{"loc":{"start":{"line":35,"column":30},"end":{"line":36,"column":55}},"type":"cond-expr","locations":[{"start":{"line":35,"column":30},"end":{"line":35,"column":null}},{"start":{"line":35,"column":124},"end":{"line":36,"column":55}}],"line":35},"18":{"loc":{"start":{"line":41,"column":25},"end":{"line":49,"column":null}},"type":"cond-expr","locations":[{"start":{"line":41,"column":25},"end":{"line":49,"column":null}}],"line":41},"19":{"loc":{"start":{"line":42,"column":27},"end":{"line":46,"column":67}},"type":"cond-expr","locations":[{"start":{"line":42,"column":41},"end":{"line":43,"column":57}},{"start":{"line":45,"column":32},"end":{"line":46,"column":67}}],"line":42},"20":{"loc":{"start":{"line":44,"column":21},"end":{"line":43,"column":57}},"type":"binary-expr","locations":[{"start":{"line":44,"column":21},"end":{"line":44,"column":null}},{"start":{"line":44,"column":21},"end":{"line":43,"column":57}}],"line":44},"21":{"loc":{"start":{"line":45,"column":32},"end":{"line":46,"column":67}},"type":"cond-expr","locations":[{"start":{"line":45,"column":46},"end":{"line":46,"column":67}},{"start":{"line":46,"column":63},"end":{"line":46,"column":67}}],"line":45},"22":{"loc":{"start":{"line":47,"column":21},"end":{"line":46,"column":67}},"type":"binary-expr","locations":[{"start":{"line":47,"column":21},"end":{"line":47,"column":null}},{"start":{"line":47,"column":21},"end":{"line":46,"column":67}}],"line":47},"23":{"loc":{"start":{"line":54,"column":22},"end":{"line":79,"column":49}},"type":"cond-expr","locations":[{"start":{"line":54,"column":122},"end":{"line":79,"column":49}}],"line":54},"24":{"loc":{"start":{"line":54,"column":22},"end":{"line":54,"column":null}},"type":"binary-expr","locations":[{"start":{"line":54,"column":22},"end":{"line":54,"column":28}},{"start":{"line":54,"column":28},"end":{"line":54,"column":null}}],"line":54},"25":{"loc":{"start":{"line":58,"column":29},"end":{"line":60,"column":57}},"type":"cond-expr","locations":[{"start":{"line":58,"column":71},"end":{"line":60,"column":57}},{"start":{"line":60,"column":51},"end":{"line":60,"column":57}}],"line":58},"26":{"loc":{"start":{"line":58,"column":29},"end":{"line":58,"column":null}},"type":"binary-expr","locations":[{"start":{"line":58,"column":29},"end":{"line":58,"column":58}},{"start":{"line":58,"column":58},"end":{"line":58,"column":null}}],"line":58},"27":{"loc":{"start":{"line":61,"column":23},"end":{"line":59,"column":55}},"type":"binary-expr","locations":[{"start":{"line":61,"column":23},"end":{"line":61,"column":null}},{"start":{"line":61,"column":23},"end":{"line":59,"column":55}}],"line":61},"28":{"loc":{"start":{"line":62,"column":29},"end":{"line":64,"column":58}},"type":"cond-expr","locations":[{"start":{"line":62,"column":42},"end":{"line":64,"column":58}},{"start":{"line":64,"column":50},"end":{"line":64,"column":58}}],"line":62},"29":{"loc":{"start":{"line":65,"column":23},"end":{"line":63,"column":65}},"type":"binary-expr","locations":[{"start":{"line":65,"column":23},"end":{"line":65,"column":null}},{"start":{"line":65,"column":23},"end":{"line":63,"column":65}}],"line":65},"30":{"loc":{"start":{"line":66,"column":29},"end":{"line":68,"column":58}},"type":"cond-expr","locations":[{"start":{"line":66,"column":42},"end":{"line":68,"column":58}},{"start":{"line":68,"column":50},"end":{"line":68,"column":58}}],"line":66},"31":{"loc":{"start":{"line":69,"column":23},"end":{"line":67,"column":65}},"type":"binary-expr","locations":[{"start":{"line":69,"column":23},"end":{"line":69,"column":null}},{"start":{"line":69,"column":23},"end":{"line":67,"column":65}}],"line":69},"32":{"loc":{"start":{"line":70,"column":29},"end":{"line":72,"column":58}},"type":"cond-expr","locations":[{"start":{"line":70,"column":42},"end":{"line":72,"column":58}},{"start":{"line":72,"column":50},"end":{"line":72,"column":58}}],"line":70},"33":{"loc":{"start":{"line":73,"column":23},"end":{"line":71,"column":61}},"type":"binary-expr","locations":[{"start":{"line":73,"column":23},"end":{"line":73,"column":null}},{"start":{"line":73,"column":23},"end":{"line":71,"column":61}}],"line":73},"34":{"loc":{"start":{"line":75,"column":27},"end":{"line":79,"column":49}},"type":"cond-expr","locations":[{"start":{"line":75,"column":34},"end":{"line":79,"column":49}}],"line":75},"35":{"loc":{"start":{"line":77,"column":20},"end":{"line":77,"column":57}},"type":"binary-expr","locations":[{"start":{"line":77,"column":20},"end":{"line":77,"column":24}},{"start":{"line":77,"column":20},"end":{"line":77,"column":57}}],"line":77},"36":{"loc":{"start":{"line":85,"column":25},"end":{"line":88,"column":48}},"type":"cond-expr","locations":[{"start":{"line":85,"column":25},"end":{"line":88,"column":48}}],"line":85},"37":{"loc":{"start":{"line":89,"column":21},"end":{"line":87,"column":53}},"type":"binary-expr","locations":[{"start":{"line":89,"column":21},"end":{"line":89,"column":null}},{"start":{"line":89,"column":21},"end":{"line":87,"column":53}}],"line":89},"38":{"loc":{"start":{"line":115,"column":17},"end":{"line":100,"column":46}},"type":"binary-expr","locations":[{"start":{"line":115,"column":17},"end":{"line":115,"column":null}},{"start":{"line":115,"column":17},"end":{"line":100,"column":46}}],"line":115},"39":{"loc":{"start":{"line":100,"column":42},"end":{"line":104,"column":17}},"type":"binary-expr","locations":[{"start":{"line":100,"column":42},"end":{"line":100,"column":46}},{"start":{"line":100,"column":42},"end":{"line":104,"column":17}}],"line":100},"40":{"loc":{"start":{"line":113,"column":17},"end":{"line":108,"column":19}},"type":"binary-expr","locations":[{"start":{"line":113,"column":17},"end":{"line":113,"column":null}},{"start":{"line":113,"column":17},"end":{"line":108,"column":19}}],"line":113},"41":{"loc":{"start":{"line":108,"column":16},"end":{"line":110,"column":20}},"type":"binary-expr","locations":[{"start":{"line":108,"column":16},"end":{"line":108,"column":19}},{"start":{"line":108,"column":16},"end":{"line":110,"column":20}}],"line":108},"42":{"loc":{"start":{"line":114,"column":23},"end":{"line":114,"column":58}},"type":"cond-expr","locations":[{"start":{"line":114,"column":23},"end":{"line":114,"column":58}},{"start":{"line":114,"column":43},"end":{"line":114,"column":58}}],"line":114}},"s":{"0":1,"1":14,"2":5,"3":1,"4":1,"5":1,"6":1,"7":1,"8":14,"9":14,"10":14,"11":14,"12":14,"13":14,"14":2,"15":2,"16":2,"17":2,"18":2,"19":2,"20":2,"21":1,"22":1,"23":0,"24":0,"25":2,"26":0,"27":2,"28":7,"29":4,"30":1,"31":1,"32":1,"33":4,"34":2,"35":4,"36":3,"37":1,"38":5,"39":5,"40":5,"41":4,"42":1,"43":1,"44":1,"45":1,"46":1,"47":1,"48":1,"49":1,"50":1,"51":1,"52":1,"53":1,"54":1,"55":1,"56":22,"57":0,"58":0,"59":3,"60":0},"f":{"0":14,"1":5,"2":14,"3":14,"4":14,"5":2,"6":7,"7":4,"8":5,"9":0,"10":0,"11":3,"12":0},"b":{"0":[1,1,1,1,1],"1":[14,1],"2":[14,13],"3":[1,1],"4":[0,0,0],"5":[0,2],"6":[4,1,1,1],"7":[2,2],"8":[3,1],"9":[5,1],"10":[22,14],"11":[22,14],"12":[22,14],"13":[0,0],"14":[22,14],"15":[22,14],"16":[22,14],"17":[2,20],"18":[4],"19":[0,4],"20":[0,0],"21":[1,3],"22":[1,1],"23":[0],"24":[22,3],"25":[0,0],"26":[0,0],"27":[0,0],"28":[0,0],"29":[0,0],"30":[0,0],"31":[0,0],"32":[0,0],"33":[0,0],"34":[0],"35":[0,0],"36":[0],"37":[0,0],"38":[22,14],"39":[22,14],"40":[22,14],"41":[22,14],"42":[1,21]},"meta":{"lastBranch":0,"lastFunction":0,"lastStatement":0,"seen":{}}}
}
